<?xml version="1.0" encoding="UTF-8"?>
<!-- Generated by org.testng.reporters.JUnitReportReporter -->
<testsuite hostname="LAPTOP-6L82N2OA" failures="0" tests="2" name="batch11annotation.AnnotationProject" time="0.011" errors="0" timestamp="2023-12-11T19:08:55 BDT" skipped="0">
  <testcase classname="batch11annotation.AnnotationProject" name="TestUrl" time="0.006"/>
  <system-out/>
  <testcase classname="batch11annotation.AnnotationProject" name="TestTitle" time="0.005"/>
  <system-out/>
</testsuite> <!-- batch11annotation.AnnotationProject -->
